Cuda failure proj05.cu:1: 'no CUDA-capable device is detected'
Cuda failure proj05.cu:2: 'no CUDA-capable device is detected'
Cuda failure proj05.cu:3: 'no CUDA-capable device is detected'
Cuda failure proj05.cu:4: 'no CUDA-capable device is detected'
Cuda failure proj05.cu:5: 'no CUDA-capable device is detected'
Cuda failure proj05.cu:6: 'no CUDA-capable device is detected'
Cuda failure proj05.cu:7: 'no CUDA-capable device is detected'
      1024 ,        8 ,        inf ,   0.00
Cuda failure proj05.cu:8: 'no CUDA-capable device is detected'
Cuda failure proj05.cu:1: 'no CUDA-capable device is detected'
Cuda failure proj05.cu:2: 'no CUDA-capable device is detected'
Cuda failure proj05.cu:3: 'no CUDA-capable device is detected'
Cuda failure proj05.cu:4: 'no CUDA-capable device is detected'
Cuda failure proj05.cu:5: 'no CUDA-capable device is detected'
Cuda failure proj05.cu:6: 'no CUDA-capable device is detected'
Cuda failure proj05.cu:7: 'no CUDA-capable device is detected'
      1024 ,       32 ,        inf ,   0.00
Cuda failure proj05.cu:8: 'no CUDA-capable device is detected'
Cuda failure proj05.cu:1: 'no CUDA-capable device is detected'
Cuda failure proj05.cu:2: 'no CUDA-capable device is detected'
Cuda failure proj05.cu:3: 'no CUDA-capable device is detected'
Cuda failure proj05.cu:4: 'no CUDA-capable device is detected'
Cuda failure proj05.cu:5: 'no CUDA-capable device is detected'
Cuda failure proj05.cu:6: 'no CUDA-capable device is detected'
Cuda failure proj05.cu:7: 'no CUDA-capable device is detected'
      1024 ,       64 ,        inf ,   0.00
Cuda failure proj05.cu:8: 'no CUDA-capable device is detected'
Cuda failure proj05.cu:1: 'no CUDA-capable device is detected'
Cuda failure proj05.cu:2: 'no CUDA-capable device is detected'
Cuda failure proj05.cu:3: 'no CUDA-capable device is detected'
Cuda failure proj05.cu:4: 'no CUDA-capable device is detected'
Cuda failure proj05.cu:5: 'no CUDA-capable device is detected'
Cuda failure proj05.cu:6: 'no CUDA-capable device is detected'
Cuda failure proj05.cu:7: 'no CUDA-capable device is detected'
      1024 ,      128 ,        inf ,   0.00
Cuda failure proj05.cu:8: 'no CUDA-capable device is detected'
Cuda failure proj05.cu:1: 'no CUDA-capable device is detected'
Cuda failure proj05.cu:2: 'no CUDA-capable device is detected'
Cuda failure proj05.cu:3: 'no CUDA-capable device is detected'
Cuda failure proj05.cu:4: 'no CUDA-capable device is detected'
Cuda failure proj05.cu:5: 'no CUDA-capable device is detected'
Cuda failure proj05.cu:6: 'no CUDA-capable device is detected'
Cuda failure proj05.cu:7: 'no CUDA-capable device is detected'
      4096 ,        8 ,        inf ,   0.00
Cuda failure proj05.cu:8: 'no CUDA-capable device is detected'
Cuda failure proj05.cu:1: 'no CUDA-capable device is detected'
Cuda failure proj05.cu:2: 'no CUDA-capable device is detected'
Cuda failure proj05.cu:3: 'no CUDA-capable device is detected'
Cuda failure proj05.cu:4: 'no CUDA-capable device is detected'
Cuda failure proj05.cu:5: 'no CUDA-capable device is detected'
Cuda failure proj05.cu:6: 'no CUDA-capable device is detected'
Cuda failure proj05.cu:7: 'no CUDA-capable device is detected'
      4096 ,       32 ,        inf ,   0.00
Cuda failure proj05.cu:8: 'no CUDA-capable device is detected'
Cuda failure proj05.cu:1: 'no CUDA-capable device is detected'
Cuda failure proj05.cu:2: 'no CUDA-capable device is detected'
Cuda failure proj05.cu:3: 'no CUDA-capable device is detected'
Cuda failure proj05.cu:4: 'no CUDA-capable device is detected'
Cuda failure proj05.cu:5: 'no CUDA-capable device is detected'
Cuda failure proj05.cu:6: 'no CUDA-capable device is detected'
Cuda failure proj05.cu:7: 'no CUDA-capable device is detected'
      4096 ,       64 ,        inf ,   0.00
Cuda failure proj05.cu:8: 'no CUDA-capable device is detected'
Cuda failure proj05.cu:1: 'no CUDA-capable device is detected'
Cuda failure proj05.cu:2: 'no CUDA-capable device is detected'
Cuda failure proj05.cu:3: 'no CUDA-capable device is detected'
Cuda failure proj05.cu:4: 'no CUDA-capable device is detected'
Cuda failure proj05.cu:5: 'no CUDA-capable device is detected'
Cuda failure proj05.cu:6: 'no CUDA-capable device is detected'
Cuda failure proj05.cu:7: 'no CUDA-capable device is detected'
      4096 ,      128 ,        inf ,   0.00
Cuda failure proj05.cu:8: 'no CUDA-capable device is detected'
Cuda failure proj05.cu:1: 'no CUDA-capable device is detected'
Cuda failure proj05.cu:2: 'no CUDA-capable device is detected'
Cuda failure proj05.cu:3: 'no CUDA-capable device is detected'
Cuda failure proj05.cu:4: 'no CUDA-capable device is detected'
Cuda failure proj05.cu:5: 'no CUDA-capable device is detected'
Cuda failure proj05.cu:6: 'no CUDA-capable device is detected'
Cuda failure proj05.cu:7: 'no CUDA-capable device is detected'
     16384 ,        8 ,        inf ,   0.00
Cuda failure proj05.cu:8: 'no CUDA-capable device is detected'
Cuda failure proj05.cu:1: 'no CUDA-capable device is detected'
Cuda failure proj05.cu:2: 'no CUDA-capable device is detected'
Cuda failure proj05.cu:3: 'no CUDA-capable device is detected'
Cuda failure proj05.cu:4: 'no CUDA-capable device is detected'
Cuda failure proj05.cu:5: 'no CUDA-capable device is detected'
Cuda failure proj05.cu:6: 'no CUDA-capable device is detected'
Cuda failure proj05.cu:7: 'no CUDA-capable device is detected'
     16384 ,       32 ,        inf ,   0.00
Cuda failure proj05.cu:8: 'no CUDA-capable device is detected'
Cuda failure proj05.cu:1: 'no CUDA-capable device is detected'
Cuda failure proj05.cu:2: 'no CUDA-capable device is detected'
Cuda failure proj05.cu:3: 'no CUDA-capable device is detected'
Cuda failure proj05.cu:4: 'no CUDA-capable device is detected'
Cuda failure proj05.cu:5: 'no CUDA-capable device is detected'
Cuda failure proj05.cu:6: 'no CUDA-capable device is detected'
Cuda failure proj05.cu:7: 'no CUDA-capable device is detected'
     16384 ,       64 ,        inf ,   0.00
Cuda failure proj05.cu:8: 'no CUDA-capable device is detected'
Cuda failure proj05.cu:1: 'no CUDA-capable device is detected'
Cuda failure proj05.cu:2: 'no CUDA-capable device is detected'
Cuda failure proj05.cu:3: 'no CUDA-capable device is detected'
Cuda failure proj05.cu:4: 'no CUDA-capable device is detected'
Cuda failure proj05.cu:5: 'no CUDA-capable device is detected'
Cuda failure proj05.cu:6: 'no CUDA-capable device is detected'
Cuda failure proj05.cu:7: 'no CUDA-capable device is detected'
     16384 ,      128 ,        inf ,   0.00
Cuda failure proj05.cu:8: 'no CUDA-capable device is detected'
Cuda failure proj05.cu:1: 'no CUDA-capable device is detected'
Cuda failure proj05.cu:2: 'no CUDA-capable device is detected'
Cuda failure proj05.cu:3: 'no CUDA-capable device is detected'
Cuda failure proj05.cu:4: 'no CUDA-capable device is detected'
Cuda failure proj05.cu:5: 'no CUDA-capable device is detected'
Cuda failure proj05.cu:6: 'no CUDA-capable device is detected'
Cuda failure proj05.cu:7: 'no CUDA-capable device is detected'
     65536 ,        8 ,        inf ,   0.00
Cuda failure proj05.cu:8: 'no CUDA-capable device is detected'
Cuda failure proj05.cu:1: 'no CUDA-capable device is detected'
Cuda failure proj05.cu:2: 'no CUDA-capable device is detected'
Cuda failure proj05.cu:3: 'no CUDA-capable device is detected'
Cuda failure proj05.cu:4: 'no CUDA-capable device is detected'
Cuda failure proj05.cu:5: 'no CUDA-capable device is detected'
Cuda failure proj05.cu:6: 'no CUDA-capable device is detected'
Cuda failure proj05.cu:7: 'no CUDA-capable device is detected'
     65536 ,       32 ,        inf ,   0.00
Cuda failure proj05.cu:8: 'no CUDA-capable device is detected'
Cuda failure proj05.cu:1: 'no CUDA-capable device is detected'
Cuda failure proj05.cu:2: 'no CUDA-capable device is detected'
Cuda failure proj05.cu:3: 'no CUDA-capable device is detected'
Cuda failure proj05.cu:4: 'no CUDA-capable device is detected'
Cuda failure proj05.cu:5: 'no CUDA-capable device is detected'
Cuda failure proj05.cu:6: 'no CUDA-capable device is detected'
Cuda failure proj05.cu:7: 'no CUDA-capable device is detected'
     65536 ,       64 ,        inf ,   0.00
Cuda failure proj05.cu:8: 'no CUDA-capable device is detected'
Cuda failure proj05.cu:1: 'no CUDA-capable device is detected'
Cuda failure proj05.cu:2: 'no CUDA-capable device is detected'
Cuda failure proj05.cu:3: 'no CUDA-capable device is detected'
Cuda failure proj05.cu:4: 'no CUDA-capable device is detected'
Cuda failure proj05.cu:5: 'no CUDA-capable device is detected'
Cuda failure proj05.cu:6: 'no CUDA-capable device is detected'
Cuda failure proj05.cu:7: 'no CUDA-capable device is detected'
     65536 ,      128 ,        inf ,   0.00
Cuda failure proj05.cu:8: 'no CUDA-capable device is detected'
Cuda failure proj05.cu:1: 'no CUDA-capable device is detected'
Cuda failure proj05.cu:2: 'no CUDA-capable device is detected'
Cuda failure proj05.cu:3: 'no CUDA-capable device is detected'
Cuda failure proj05.cu:4: 'no CUDA-capable device is detected'
Cuda failure proj05.cu:5: 'no CUDA-capable device is detected'
Cuda failure proj05.cu:6: 'no CUDA-capable device is detected'
Cuda failure proj05.cu:7: 'no CUDA-capable device is detected'
    262144 ,        8 ,        inf ,   0.00
Cuda failure proj05.cu:8: 'no CUDA-capable device is detected'
Cuda failure proj05.cu:1: 'no CUDA-capable device is detected'
Cuda failure proj05.cu:2: 'no CUDA-capable device is detected'
Cuda failure proj05.cu:3: 'no CUDA-capable device is detected'
Cuda failure proj05.cu:4: 'no CUDA-capable device is detected'
Cuda failure proj05.cu:5: 'no CUDA-capable device is detected'
Cuda failure proj05.cu:6: 'no CUDA-capable device is detected'
Cuda failure proj05.cu:7: 'no CUDA-capable device is detected'
    262144 ,       32 ,        inf ,   0.00
Cuda failure proj05.cu:8: 'no CUDA-capable device is detected'
Cuda failure proj05.cu:1: 'no CUDA-capable device is detected'
Cuda failure proj05.cu:2: 'no CUDA-capable device is detected'
Cuda failure proj05.cu:3: 'no CUDA-capable device is detected'
Cuda failure proj05.cu:4: 'no CUDA-capable device is detected'
Cuda failure proj05.cu:5: 'no CUDA-capable device is detected'
Cuda failure proj05.cu:6: 'no CUDA-capable device is detected'
Cuda failure proj05.cu:7: 'no CUDA-capable device is detected'
    262144 ,       64 ,        inf ,   0.00
Cuda failure proj05.cu:8: 'no CUDA-capable device is detected'
Cuda failure proj05.cu:1: 'no CUDA-capable device is detected'
Cuda failure proj05.cu:2: 'no CUDA-capable device is detected'
Cuda failure proj05.cu:3: 'no CUDA-capable device is detected'
Cuda failure proj05.cu:4: 'no CUDA-capable device is detected'
Cuda failure proj05.cu:5: 'no CUDA-capable device is detected'
Cuda failure proj05.cu:6: 'no CUDA-capable device is detected'
Cuda failure proj05.cu:7: 'no CUDA-capable device is detected'
    262144 ,      128 ,        inf ,   0.00
Cuda failure proj05.cu:8: 'no CUDA-capable device is detected'
Cuda failure proj05.cu:1: 'no CUDA-capable device is detected'
Cuda failure proj05.cu:2: 'no CUDA-capable device is detected'
Cuda failure proj05.cu:3: 'no CUDA-capable device is detected'
Cuda failure proj05.cu:4: 'no CUDA-capable device is detected'
Cuda failure proj05.cu:5: 'no CUDA-capable device is detected'
Cuda failure proj05.cu:6: 'no CUDA-capable device is detected'
Cuda failure proj05.cu:7: 'no CUDA-capable device is detected'
   1048576 ,        8 ,        inf ,   0.00
Cuda failure proj05.cu:8: 'no CUDA-capable device is detected'
Cuda failure proj05.cu:1: 'no CUDA-capable device is detected'
Cuda failure proj05.cu:2: 'no CUDA-capable device is detected'
Cuda failure proj05.cu:3: 'no CUDA-capable device is detected'
Cuda failure proj05.cu:4: 'no CUDA-capable device is detected'
Cuda failure proj05.cu:5: 'no CUDA-capable device is detected'
Cuda failure proj05.cu:6: 'no CUDA-capable device is detected'
Cuda failure proj05.cu:7: 'no CUDA-capable device is detected'
   1048576 ,       32 ,        inf ,   0.00
Cuda failure proj05.cu:8: 'no CUDA-capable device is detected'
Cuda failure proj05.cu:1: 'no CUDA-capable device is detected'
Cuda failure proj05.cu:2: 'no CUDA-capable device is detected'
Cuda failure proj05.cu:3: 'no CUDA-capable device is detected'
Cuda failure proj05.cu:4: 'no CUDA-capable device is detected'
Cuda failure proj05.cu:5: 'no CUDA-capable device is detected'
Cuda failure proj05.cu:6: 'no CUDA-capable device is detected'
Cuda failure proj05.cu:7: 'no CUDA-capable device is detected'
   1048576 ,       64 ,        inf ,   0.00
Cuda failure proj05.cu:8: 'no CUDA-capable device is detected'
Cuda failure proj05.cu:1: 'no CUDA-capable device is detected'
Cuda failure proj05.cu:2: 'no CUDA-capable device is detected'
Cuda failure proj05.cu:3: 'no CUDA-capable device is detected'
Cuda failure proj05.cu:4: 'no CUDA-capable device is detected'
Cuda failure proj05.cu:5: 'no CUDA-capable device is detected'
Cuda failure proj05.cu:6: 'no CUDA-capable device is detected'
Cuda failure proj05.cu:7: 'no CUDA-capable device is detected'
   1048576 ,      128 ,        inf ,   0.00
Cuda failure proj05.cu:8: 'no CUDA-capable device is detected'
Cuda failure proj05.cu:1: 'no CUDA-capable device is detected'
Cuda failure proj05.cu:2: 'no CUDA-capable device is detected'
Cuda failure proj05.cu:3: 'no CUDA-capable device is detected'
Cuda failure proj05.cu:4: 'no CUDA-capable device is detected'
Cuda failure proj05.cu:5: 'no CUDA-capable device is detected'
Cuda failure proj05.cu:6: 'no CUDA-capable device is detected'
Cuda failure proj05.cu:7: 'no CUDA-capable device is detected'
   2097152 ,        8 ,        inf ,   0.00
Cuda failure proj05.cu:8: 'no CUDA-capable device is detected'
Cuda failure proj05.cu:1: 'no CUDA-capable device is detected'
Cuda failure proj05.cu:2: 'no CUDA-capable device is detected'
Cuda failure proj05.cu:3: 'no CUDA-capable device is detected'
Cuda failure proj05.cu:4: 'no CUDA-capable device is detected'
Cuda failure proj05.cu:5: 'no CUDA-capable device is detected'
Cuda failure proj05.cu:6: 'no CUDA-capable device is detected'
Cuda failure proj05.cu:7: 'no CUDA-capable device is detected'
   2097152 ,       32 ,        inf ,   0.00
Cuda failure proj05.cu:8: 'no CUDA-capable device is detected'
Cuda failure proj05.cu:1: 'no CUDA-capable device is detected'
Cuda failure proj05.cu:2: 'no CUDA-capable device is detected'
Cuda failure proj05.cu:3: 'no CUDA-capable device is detected'
Cuda failure proj05.cu:4: 'no CUDA-capable device is detected'
Cuda failure proj05.cu:5: 'no CUDA-capable device is detected'
Cuda failure proj05.cu:6: 'no CUDA-capable device is detected'
Cuda failure proj05.cu:7: 'no CUDA-capable device is detected'
   2097152 ,       64 ,        inf ,   0.00
Cuda failure proj05.cu:8: 'no CUDA-capable device is detected'
Cuda failure proj05.cu:1: 'no CUDA-capable device is detected'
Cuda failure proj05.cu:2: 'no CUDA-capable device is detected'
Cuda failure proj05.cu:3: 'no CUDA-capable device is detected'
Cuda failure proj05.cu:4: 'no CUDA-capable device is detected'
Cuda failure proj05.cu:5: 'no CUDA-capable device is detected'
Cuda failure proj05.cu:6: 'no CUDA-capable device is detected'
Cuda failure proj05.cu:7: 'no CUDA-capable device is detected'
   2097152 ,      128 ,        inf ,   0.00
Cuda failure proj05.cu:8: 'no CUDA-capable device is detected'
